<?xml version="1.0" encoding="UTF-8"?>
<!-- Generated by org.testng.reporters.JUnitReportReporter -->
<testsuite skipped="0" hostname="Welcome-PC" name="com.QA.verbose.concept.TestClass" tests="3" failures="0" timestamp="2021-10-03T08:13:46 IST" time="38.176" errors="0">
  <testcase name="getTitleTest1" time="14.488" classname="com.QA.verbose.concept.TestClass"/>
  <system-out/>
  <testcase name="getTitleTest2" time="11.933" classname="com.QA.verbose.concept.TestClass"/>
  <system-out/>
  <testcase name="getTitleTest3" time="11.755" classname="com.QA.verbose.concept.TestClass"/>
  <system-out/>
</testsuite> <!-- com.QA.verbose.concept.TestClass -->
