<?xml version="1.0" encoding="UTF-8"?>
<!-- Generated by org.testng.reporters.JUnitReportReporter -->
<testsuite skipped="0" hostname="Welcome-PC" name="com.QA.test.TestClass" tests="3" failures="0" timestamp="2021-10-01T15:51:34 IST" time="20.953" errors="0">
  <testcase name="test3" time="0.012" classname="com.QA.test.TestClass"/>
  <system-out/>
  <testcase name="test2" time="0.006" classname="com.QA.test.TestClass"/>
  <system-out/>
  <testcase name="test1" time="20.935" classname="com.QA.test.TestClass"/>
  <system-out/>
</testsuite> <!-- com.QA.test.TestClass -->
