<?xml version="1.0" encoding="UTF-8"?>
<!-- Generated by org.testng.reporters.JUnitReportReporter -->
<testsuite skipped="0" hostname="Welcome-PC" name="com.QA.TestNG.ParametersDemo.ParametersTest" tests="1" failures="0" timestamp="2021-10-01T15:57:18 IST" time="19.081" errors="0">
  <testcase name="EbayRegistrationTest" time="19.081" classname="com.QA.TestNG.ParametersDemo.ParametersTest"/>
  <system-out/>
</testsuite> <!-- com.QA.TestNG.ParametersDemo.ParametersTest -->
